[INFO  - 2019-04-24T16:48:09.372Z] GhostDriver - Main - running on port 59909
[INFO  - 2019-04-24T16:48:13.902Z] Session [c05899a0-66b0-11e9-ac4e-f553afc7995e] - page.settings - {"XSSAuditingEnabled":false,"javascriptCanCloseWindows":true,"javascriptCanOpenWindows":true,"javascriptEnabled":true,"loadImages":true,"localToRemoteUrlAccessEnabled":false,"userAgent":"Mozilla/5.0 (Windows NT 6.2; WOW64) AppleWebKit/538.1 (KHTML, like Gecko) PhantomJS/2.1.1 Safari/538.1","webSecurityEnabled":true}
[INFO  - 2019-04-24T16:48:13.902Z] Session [c05899a0-66b0-11e9-ac4e-f553afc7995e] - page.customHeaders:  - {}
[INFO  - 2019-04-24T16:48:13.902Z] Session [c05899a0-66b0-11e9-ac4e-f553afc7995e] - Session.negotiatedCapabilities - {"browserName":"phantomjs","version":"2.1.1","driverName":"ghostdriver","driverVersion":"1.2.0","platform":"windows-10-32bit","javascriptEnabled":true,"takesScreenshot":true,"handlesAlerts":false,"databaseEnabled":false,"locationContextEnabled":false,"applicationCacheEnabled":false,"browserConnectionEnabled":false,"cssSelectorsEnabled":true,"webStorageEnabled":false,"rotatable":false,"acceptSslCerts":false,"nativeEvents":true,"proxy":{"proxyType":"direct"}}
[INFO  - 2019-04-24T16:48:13.902Z] SessionManagerReqHand - _postNewSessionCommand - New Session Created: c05899a0-66b0-11e9-ac4e-f553afc7995e
[INFO  - 2019-04-24T16:53:09.438Z] SessionManagerReqHand - _cleanupWindowlessSessions - Asynchronous Sessions clean-up phase starting NOW
[ERROR - 2019-04-24T16:54:47.822Z] Session [c05899a0-66b0-11e9-ac4e-f553afc7995e] - page.onError - msg: viewport has zero dimensions

  phantomjs://platform/console++.js:263 in error
[ERROR - 2019-04-24T16:54:47.824Z] Session [c05899a0-66b0-11e9-ac4e-f553afc7995e] - page.onError - stack:
  Ag (https://cdn.ampproject.org/rtv/011904091426070/amp4ads-v0.js:141)

  phantomjs://platform/console++.js:263 in error
[INFO  - 2019-04-24T16:58:09.404Z] SessionManagerReqHand - _cleanupWindowlessSessions - Asynchronous Sessions clean-up phase starting NOW
[INFO  - 2019-04-24T17:03:09.404Z] SessionManagerReqHand - _cleanupWindowlessSessions - Asynchronous Sessions clean-up phase starting NOW
[INFO  - 2019-04-24T17:08:09.403Z] SessionManagerReqHand - _cleanupWindowlessSessions - Asynchronous Sessions clean-up phase starting NOW
[INFO  - 2019-04-24T17:13:09.491Z] SessionManagerReqHand - _cleanupWindowlessSessions - Asynchronous Sessions clean-up phase starting NOW
[ERROR - 2019-04-24T17:16:29.625Z] Session [c05899a0-66b0-11e9-ac4e-f553afc7995e] - page.onError - msg: viewport has zero dimensions

  phantomjs://platform/console++.js:263 in error
[ERROR - 2019-04-24T17:16:29.625Z] Session [c05899a0-66b0-11e9-ac4e-f553afc7995e] - page.onError - stack:
  Ag (https://cdn.ampproject.org/rtv/011904091426070/amp4ads-v0.js:141)

  phantomjs://platform/console++.js:263 in error
[INFO  - 2019-04-24T17:18:09.663Z] SessionManagerReqHand - _cleanupWindowlessSessions - Asynchronous Sessions clean-up phase starting NOW
[INFO  - 2019-04-24T17:23:09.704Z] SessionManagerReqHand - _cleanupWindowlessSessions - Asynchronous Sessions clean-up phase starting NOW
[INFO  - 2019-04-24T17:28:09.704Z] SessionManagerReqHand - _cleanupWindowlessSessions - Asynchronous Sessions clean-up phase starting NOW
[ERROR - 2019-04-24T17:29:43.113Z] Session [c05899a0-66b0-11e9-ac4e-f553afc7995e] - page.onError - msg: viewport has zero dimensions

  phantomjs://platform/console++.js:263 in error
[ERROR - 2019-04-24T17:29:43.113Z] Session [c05899a0-66b0-11e9-ac4e-f553afc7995e] - page.onError - stack:
  Ag (https://cdn.ampproject.org/rtv/011904091426070/amp4ads-v0.js:141)

  phantomjs://platform/console++.js:263 in error
[ERROR - 2019-04-24T17:30:53.012Z] Session [c05899a0-66b0-11e9-ac4e-f553afc7995e] - page.onError - msg: viewport has zero dimensions

  phantomjs://platform/console++.js:263 in error
[ERROR - 2019-04-24T17:30:53.012Z] Session [c05899a0-66b0-11e9-ac4e-f553afc7995e] - page.onError - stack:
  Ag (https://cdn.ampproject.org/rtv/011904091426070/amp4ads-v0.js:141)

  phantomjs://platform/console++.js:263 in error
[INFO  - 2019-04-24T17:33:10.199Z] SessionManagerReqHand - _cleanupWindowlessSessions - Asynchronous Sessions clean-up phase starting NOW
[INFO  - 2019-04-24T17:38:10.204Z] SessionManagerReqHand - _cleanupWindowlessSessions - Asynchronous Sessions clean-up phase starting NOW
